Change Component Footprint: Designator=U2 Old Footprint=TCMT110 New Footprint=SFH617A
Change Component Comment : Designator=U2 Old Comment=TCMT1102 New Comment=SFH617A
Change component parameters: Designator = "U2" ("U2"); Footprint = "TCMT110"; UniqueID = "\VYEBRQTP" ("\VYEBRQTP")
Change component parameters (AddParameter): Name = "ComponentLink1Description"; Value = "Datasheet"; VariantName = "[No Variations]"
Change component parameters (AddParameter): Name = "ComponentLink1URL"; Value = "http://www.vishay.com/docs/83740/sfh617a.pdf"; VariantName = "[No Variations]"
Change component parameters (AddParameter): Name = "ComponentLink2Description"; Value = "Supplier"; VariantName = "[No Variations]"
Change component parameters (AddParameter): Name = "ComponentLink2URL"; Value = "https://www.digikey.com/product-detail/en/vishay-semiconductor-opto-division/SFH617A-2X017T/SFH617A-2X017TCT-ND/8556837"; VariantName = "[No Variations]"
Added Component: Designator=C3(450BXW100MEFR18X30)
Add component (AddParameter): Name = "ComponentLink1Description"; Value = "Datasheet"; VariantName = "[No Variations]"
Add component (AddParameter): Name = "ComponentLink1URL"; Value = "http://www.rubycon.co.jp/en/catalog/e_pdfs/aluminum/e_BXW.pdf"; VariantName = "[No Variations]"
Add component (AddParameter): Name = "ComponentLink2Description"; Value = "Supplier"; VariantName = "[No Variations]"
Add component (AddParameter): Name = "ComponentLink2URL"; Value = "https://www.digikey.com/product-detail/en/rubycon/450BXW100MEFR18X30/1189-3221-ND/6050094"; VariantName = "[No Variations]"
Added Component: Designator=C4(25ZLS1500MEFC12.5X20)
Add component (AddParameter): Name = "ComponentLink1Description"; Value = "Datasheet"; VariantName = "[No Variations]"
Add component (AddParameter): Name = "ComponentLink1URL"; Value = "http://www.rubycon.co.jp/en/catalog/e_pdfs/aluminum/e_zls.pdf"; VariantName = "[No Variations]"
Add component (AddParameter): Name = "ComponentLink2Description"; Value = "Supplier"; VariantName = "[No Variations]"
Add component (AddParameter): Name = "ComponentLink2URL"; Value = "https://www.digikey.com/product-detail/en/rubycon/25ZLS1500MEFC12.5X20/1189-2590-ND/4977137"; VariantName = "[No Variations]"
Added Component: Designator=C5(25ZLS1500MEFC12.5X20)
Add component (AddParameter): Name = "ComponentLink1Description"; Value = "Datasheet"; VariantName = "[No Variations]"
Add component (AddParameter): Name = "ComponentLink1URL"; Value = "http://www.rubycon.co.jp/en/catalog/e_pdfs/aluminum/e_zls.pdf"; VariantName = "[No Variations]"
Add component (AddParameter): Name = "ComponentLink2Description"; Value = "Supplier"; VariantName = "[No Variations]"
Add component (AddParameter): Name = "ComponentLink2URL"; Value = "https://www.digikey.com/product-detail/en/rubycon/25ZLS1500MEFC12.5X20/1189-2590-ND/4977137"; VariantName = "[No Variations]"
Added Component: Designator=C6(ESY827M025AH5AA)
Add component (AddParameter): Name = "ComponentLink1Description"; Value = "Datasheet"; VariantName = "[No Variations]"
Add component (AddParameter): Name = "ComponentLink1URL"; Value = "https://content.kemet.com/datasheets/KEM_A4007_ESY.pdf"; VariantName = "[No Variations]"
Add component (AddParameter): Name = "ComponentLink2Description"; Value = "Supplier"; VariantName = "[No Variations]"
Add component (AddParameter): Name = "ComponentLink2URL"; Value = "https://www.digikey.com/product-detail/en/kemet/ESY827M025AH5AA/399-6647-ND/3083062"; VariantName = "[No Variations]"
Added Component: Designator=L1(1267AY-2R2N=P3)
Add component (AddParameter): Name = "ComponentLink1Description"; Value = "Datasheet"; VariantName = "[No Variations]"
Add component (AddParameter): Name = "ComponentLink1URL"; Value = "https://www.murata.com/~/media/webrenewal/products/inductor/chip/tokoproducts/wirewoundferritetypeforpl/m_dg8040c.ashx?la=en"; VariantName = "[No Variations]"
Add component (AddParameter): Name = "ComponentLink2Description"; Value = "Supplier"; VariantName = "[No Variations]"
Add component (AddParameter): Name = "ComponentLink2URL"; Value = "https://www.digikey.com/product-detail/en/murata-electronics/1267AY-2R2N=P3/490-10831-2-ND/5271472"; VariantName = "[No Variations]"
Added Pin To Net: NetName=HV- Pin=C3-1
Added Pin To Net: NetName=HV+ Pin=C3-2
Added Pin To Net: NetName=HV- Pin=C4-1
Added Pin To Net: NetName=HV- Pin=C5-1
Added Pin To Net: NetName=HV- Pin=C6-1
Added Pin To Net: NetName=HV+ Pin=U3-1
Added Pin To Net: NetName=HV- Pin=U3-3
Added Pin To Net: NetName=HV- Pin=U3-8
Added Pin To Net: NetName=HV- Pin=U3-9
Added Pin To Net: NetName=HV- Pin=U3-10
Added Pin To Net: NetName=HV- Pin=U3-11
Change Net Name : Old Net Name=HV- New Net Name=12V-
Added Pin To Net: NetName=12V+ Pin=C6-2
Added Pin To Net: NetName=12V+ Pin=L1-2
Added Pin To Net: NetName=12V+ Pin=U3-14
Added Net: Name=12V+
Added Pin To Net: NetName=NetC4_2 Pin=C4-2
Added Pin To Net: NetName=NetC4_2 Pin=C5-2
Added Pin To Net: NetName=NetC4_2 Pin=L1-1
Added Pin To Net: NetName=NetC4_2 Pin=U3-12
Added Pin To Net: NetName=NetC4_2 Pin=U3-13
Added Net: Name=NetC4_2
Added Member To Class: ClassName=TSAL Member=Component C3 450V, 100uF
Added Member To Class: ClassName=TSAL Member=Component C4 25V, 1500µF
Added Member To Class: ClassName=TSAL Member=Component C5 25V, 1500µF
Added Member To Class: ClassName=TSAL Member=Component C6 25V, 820µF
Added Member To Class: ClassName=TSAL Member=Component L1 1267AY-2R2N=P3
Added Room: Name=TSAL
